#
# There is insufficient memory for the Java Runtime Environment to continue.
# Native memory allocation (malloc) failed to allocate 723376 bytes for Chunk::new
# Possible reasons:
#   The system is out of physical RAM or swap space
#   The process is running with CompressedOops enabled, and the Java Heap may be blocking the growth of the native heap
# Possible solutions:
#   Reduce memory load on the system
#   Increase physical memory or swap space
#   Check if swap backing store is full
#   Decrease Java heap size (-Xmx/-Xms)
#   Decrease number of Java threads
#   Decrease Java thread stack sizes (-Xss)
#   Set larger code cache with -XX:ReservedCodeCacheSize=
#   JVM is running with Unscaled Compressed Oops mode in which the Java heap is
#     placed in the first 4GB address space. The Java Heap base address is the
#     maximum limit for the native heap growth. Please use -XX:HeapBaseMinAddress
#     to set the Java Heap base and to place the Java Heap above 4GB virtual address.
# This output file may be truncated or incomplete.
#
#  Out of Memory Error (arena.cpp:184), pid=20740, tid=28492
#
# JRE version: Java(TM) SE Runtime Environment (20.0+36) (build 20+36-2344)
# Java VM: Java HotSpot(TM) 64-Bit Server VM (20+36-2344, mixed mode, sharing, tiered, compressed oops, compressed class ptrs, g1 gc, windows-amd64)
# No core dump will be written. Minidumps are not enabled by default on client versions of Windows
#

---------------  S U M M A R Y ------------

Command Line: com.example.eureka_server.EurekaServerApplication

Host: AMD Ryzen 7 6800H with Radeon Graphics         , 16 cores, 7G,  Windows 11 , 64 bit Build 26100 (10.0.26100.4202)
Time: Wed Jun  4 15:49:40 2025 SE Asia Standard Time elapsed time: 3898.020017 seconds (0d 1h 4m 58s)

---------------  T H R E A D  ---------------

Current thread (0x000001c384263450):  JavaThread "C2 CompilerThread0" daemon [_thread_in_native, id=28492, stack(0x000000ac2b800000,0x000000ac2b900000)]


Current CompileTask:
C2:3898020 10422   !   4       sun.nio.ch.SelectorImpl::lockAndDoSelect (87 bytes)

Stack: [0x000000ac2b800000,0x000000ac2b900000]
Native frames: (J=compiled Java code, j=interpreted, Vv=VM code, C=native code)
V  [jvm.dll+0x6bb95a]
V  [jvm.dll+0x8483aa]
V  [jvm.dll+0x849fa5]
V  [jvm.dll+0x84a6a3]
V  [jvm.dll+0x280b0f]
V  [jvm.dll+0xc2b11]
V  [jvm.dll+0xc2e35]
V  [jvm.dll+0x3bb17c]
V  [jvm.dll+0x1e6e39]
V  [jvm.dll+0x24b3ab]
V  [jvm.dll+0x24a651]
V  [jvm.dll+0x1ce491]
V  [jvm.dll+0x259e1b]
V  [jvm.dll+0x2584f0]
V  [jvm.dll+0x3f2895]
V  [jvm.dll+0x7f4906]
V  [jvm.dll+0x6ba5cb]
C  [ucrtbase.dll+0x37b0]
C  [KERNEL32.DLL+0x2e8d7]
C  [ntdll.dll+0x3c34c]


---------------  P R O C E S S  ---------------

Threads class SMR info:
_java_thread_list=0x000001c38b0f6d50, length=34, elements={
0x000001c384254950, 0x000001c3842581b0, 0x000001c38425c3b0, 0x000001c38425ed00,
0x000001c384260350, 0x000001c3842619a0, 0x000001c384263450, 0x000001c389008090,
0x000001c3891afef0, 0x000001c3891c1910, 0x000001c38a948df0, 0x000001c38a949de0,
0x000001c38a94add0, 0x000001c38a949340, 0x000001c38a949890, 0x000001c38c23e890,
0x000001c38c23e340, 0x000001c38c23fdd0, 0x000001c38c23d8a0, 0x000001c38c23ddf0,
0x000001c38c23f330, 0x000001c38c240dc0, 0x000001c38c23ede0, 0x000001c38c240320,
0x000001c38c23f880, 0x000001c38c240870, 0x000001c38d845c00, 0x000001c38d843180,
0x000001c38d8446c0, 0x000001c38d845160, 0x000001c38d8436d0, 0x000001c38d843c20,
0x000001c38d846150, 0x000001c38d8466a0
}

Java Threads: ( => current thread )
  0x000001c384254950 JavaThread "Reference Handler" daemon [_thread_blocked, id=23716, stack(0x000000ac2b200000,0x000000ac2b300000)]
  0x000001c3842581b0 JavaThread "Finalizer" daemon [_thread_blocked, id=21040, stack(0x000000ac2b300000,0x000000ac2b400000)]
  0x000001c38425c3b0 JavaThread "Signal Dispatcher" daemon [_thread_blocked, id=36624, stack(0x000000ac2b400000,0x000000ac2b500000)]
  0x000001c38425ed00 JavaThread "Attach Listener" daemon [_thread_blocked, id=4640, stack(0x000000ac2b500000,0x000000ac2b600000)]
  0x000001c384260350 JavaThread "Service Thread" daemon [_thread_blocked, id=19964, stack(0x000000ac2b600000,0x000000ac2b700000)]
  0x000001c3842619a0 JavaThread "Monitor Deflation Thread" daemon [_thread_blocked, id=31448, stack(0x000000ac2b700000,0x000000ac2b800000)]
=>0x000001c384263450 JavaThread "C2 CompilerThread0" daemon [_thread_in_native, id=28492, stack(0x000000ac2b800000,0x000000ac2b900000)]
  0x000001c389008090 JavaThread "C1 CompilerThread0" daemon [_thread_blocked, id=27476, stack(0x000000ac2b900000,0x000000ac2ba00000)]
  0x000001c3891afef0 JavaThread "Notification Thread" daemon [_thread_blocked, id=15544, stack(0x000000ac2bb00000,0x000000ac2bc00000)]
  0x000001c3891c1910 JavaThread "Common-Cleaner" daemon [_thread_blocked, id=24300, stack(0x000000ac2bd00000,0x000000ac2be00000)]
  0x000001c38a948df0 JavaThread "Catalina-utility-1" [_thread_blocked, id=29964, stack(0x000000ac2c900000,0x000000ac2ca00000)]
  0x000001c38a949de0 JavaThread "Catalina-utility-2" [_thread_blocked, id=27964, stack(0x000000ac2d100000,0x000000ac2d200000)]
  0x000001c38a94add0 JavaThread "container-0" [_thread_blocked, id=38280, stack(0x000000ac2d200000,0x000000ac2d300000)]
  0x000001c38a949340 JavaThread "spectator-gauge-polling-0" daemon [_thread_blocked, id=15772, stack(0x000000ac2c000000,0x000000ac2c100000)]
  0x000001c38a949890 JavaThread "Eureka-DeltaRetentionTimer" daemon [_thread_blocked, id=27812, stack(0x000000ac2c800000,0x000000ac2c900000)]
  0x000001c38c23e890 JavaThread "Eureka-EvictionTimer" daemon [_thread_blocked, id=25908, stack(0x000000ac2d400000,0x000000ac2d500000)]
  0x000001c38c23e340 JavaThread "Eureka-MeasureRateTimer" daemon [_thread_blocked, id=8064, stack(0x000000ac2d500000,0x000000ac2d600000)]
  0x000001c38c23fdd0 JavaThread "ReplicaAwareInstanceRegistry - RenewalThresholdUpdater" daemon [_thread_blocked, id=23772, stack(0x000000ac2d600000,0x000000ac2d700000)]
  0x000001c38c23d8a0 JavaThread "Eureka-MeasureRateTimer" daemon [_thread_blocked, id=23060, stack(0x000000ac2d700000,0x000000ac2d800000)]
  0x000001c38c23ddf0 JavaThread "Eureka-PeerNodesUpdater" daemon [_thread_blocked, id=14228, stack(0x000000ac2d800000,0x000000ac2d900000)]
  0x000001c38c23f330 JavaThread "Eureka-CacheFillTimer" daemon [_thread_blocked, id=24016, stack(0x000000ac2d900000,0x000000ac2da00000)]
  0x000001c38c240dc0 JavaThread "http-nio-8761-exec-1" daemon [_thread_blocked, id=21892, stack(0x000000ac2db00000,0x000000ac2dc00000)]
  0x000001c38c23ede0 JavaThread "http-nio-8761-exec-2" daemon [_thread_blocked, id=9596, stack(0x000000ac2dc00000,0x000000ac2dd00000)]
  0x000001c38c240320 JavaThread "http-nio-8761-exec-3" daemon [_thread_blocked, id=5364, stack(0x000000ac2dd00000,0x000000ac2de00000)]
  0x000001c38c23f880 JavaThread "http-nio-8761-exec-4" daemon [_thread_blocked, id=9328, stack(0x000000ac2de00000,0x000000ac2df00000)]
  0x000001c38c240870 JavaThread "http-nio-8761-exec-5" daemon [_thread_blocked, id=37908, stack(0x000000ac2df00000,0x000000ac2e000000)]
  0x000001c38d845c00 JavaThread "http-nio-8761-exec-6" daemon [_thread_blocked, id=11532, stack(0x000000ac2e000000,0x000000ac2e100000)]
  0x000001c38d843180 JavaThread "http-nio-8761-exec-7" daemon [_thread_blocked, id=6192, stack(0x000000ac2e100000,0x000000ac2e200000)]
  0x000001c38d8446c0 JavaThread "http-nio-8761-exec-8" daemon [_thread_blocked, id=37480, stack(0x000000ac2e200000,0x000000ac2e300000)]
  0x000001c38d845160 JavaThread "http-nio-8761-exec-9" daemon [_thread_blocked, id=25348, stack(0x000000ac2e300000,0x000000ac2e400000)]
  0x000001c38d8436d0 JavaThread "http-nio-8761-exec-10" daemon [_thread_blocked, id=7400, stack(0x000000ac2e400000,0x000000ac2e500000)]
  0x000001c38d843c20 JavaThread "http-nio-8761-Poller" daemon [_thread_in_native, id=30148, stack(0x000000ac2e500000,0x000000ac2e600000)]
  0x000001c38d846150 JavaThread "http-nio-8761-Acceptor" daemon [_thread_in_native, id=3280, stack(0x000000ac2e600000,0x000000ac2e700000)]
  0x000001c38d8466a0 JavaThread "DestroyJavaVM" [_thread_blocked, id=20892, stack(0x000000ac2ab00000,0x000000ac2ac00000)]

Other Threads:
  0x000001c384236cf0 VMThread "VM Thread" [stack: 0x000000ac2b100000,0x000000ac2b200000] [id=11596]
  0x000001c3891b8c60 WatcherThread "VM Periodic Task Thread" [stack: 0x000000ac2bc00000,0x000000ac2bd00000] [id=20348]
  0x000001c3e75c4170 WorkerThread "GC Thread#0" [stack: 0x000000ac2ac00000,0x000000ac2ad00000] [id=34012]
  0x000001c38929f730 WorkerThread "GC Thread#1" [stack: 0x000000ac2c100000,0x000000ac2c200000] [id=23044]
  0x000001c3892a0540 WorkerThread "GC Thread#2" [stack: 0x000000ac2c200000,0x000000ac2c300000] [id=29148]
  0x000001c38929e920 WorkerThread "GC Thread#3" [stack: 0x000000ac2c300000,0x000000ac2c400000] [id=8776]
  0x000001c38929f460 WorkerThread "GC Thread#4" [stack: 0x000000ac2c400000,0x000000ac2c500000] [id=22644]
  0x000001c38929ebf0 WorkerThread "GC Thread#5" [stack: 0x000000ac2c500000,0x000000ac2c600000] [id=7548]
  0x000001c3892a0270 WorkerThread "GC Thread#6" [stack: 0x000000ac2c600000,0x000000ac2c700000] [id=30016]
  0x000001c389fbac20 WorkerThread "GC Thread#7" [stack: 0x000000ac2c700000,0x000000ac2c800000] [id=39360]
  0x000001c389fb92d0 WorkerThread "GC Thread#8" [stack: 0x000000ac2cb00000,0x000000ac2cc00000] [id=36576]
  0x000001c389fbbd00 WorkerThread "GC Thread#9" [stack: 0x000000ac2cc00000,0x000000ac2cd00000] [id=484]
  0x000001c389fbaef0 WorkerThread "GC Thread#10" [stack: 0x000000ac2cd00000,0x000000ac2ce00000] [id=20764]
  0x000001c389fbb1c0 WorkerThread "GC Thread#11" [stack: 0x000000ac2ce00000,0x000000ac2cf00000] [id=35476]
  0x000001c389fbb490 WorkerThread "GC Thread#12" [stack: 0x000000ac2cf00000,0x000000ac2d000000] [id=33924]
  0x000001c3e75d35d0 ConcurrentGCThread "G1 Main Marker" [stack: 0x000000ac2ad00000,0x000000ac2ae00000] [id=37316]
  0x000001c3e75d5c30 WorkerThread "G1 Conc#0" [stack: 0x000000ac2ae00000,0x000000ac2af00000] [id=31716]
  0x000001c389fbb760 WorkerThread "G1 Conc#1" [stack: 0x000000ac2ca00000,0x000000ac2cb00000] [id=31460]
  0x000001c389fb8d30 WorkerThread "G1 Conc#2" [stack: 0x000000ac2d000000,0x000000ac2d100000] [id=15356]
  0x000001c3840f7390 ConcurrentGCThread "G1 Refine#0" [stack: 0x000000ac2af00000,0x000000ac2b000000] [id=39764]
  0x000001c3840f7be0 ConcurrentGCThread "G1 Service" [stack: 0x000000ac2b000000,0x000000ac2b100000] [id=21996]

Threads with active compile tasks:
C2 CompilerThread0  3898083 10422   !   4       sun.nio.ch.SelectorImpl::lockAndDoSelect (87 bytes)

VM state: not at safepoint (normal execution)

VM Mutex/Monitor currently owned by a thread: None

Heap address: 0x000000008ce00000, size: 1842 MB, Compressed Oops mode: 32-bit

CDS archive(s) mapped at: [0x0000000800000000-0x0000000800c60000-0x0000000800c60000), size 12976128, SharedBaseAddress: 0x0000000800000000, ArchiveRelocationMode: 0.
Compressed class space mapped at: 0x0000000801000000-0x0000000841000000, reserved size: 1073741824
Narrow klass base: 0x0000000800000000, Narrow klass shift: 0, Narrow klass range: 0x100000000

GC Precious Log:
 CardTable entry size: 512
 Card Set container configuration: InlinePtr #cards 5 size 8 Array Of Cards #cards 12 size 40 Howl #buckets 4 coarsen threshold 1843 Howl Bitmap #cards 512 size 80 coarsen threshold 460 Card regions per heap region 1 cards per card region 2048
 CPUs: 16 total, 16 available
 Memory: 7365M
 Large Page Support: Disabled
 NUMA Support: Disabled
 Compressed Oops: Enabled (32-bit)
 Heap Region Size: 1M
 Heap Min Capacity: 8M
 Heap Initial Capacity: 116M
 Heap Max Capacity: 1842M
 Pre-touch: Disabled
 Parallel Workers: 13
 Concurrent Workers: 3
 Concurrent Refinement Workers: 13
 Periodic GC: Disabled

Heap:
 garbage-first heap   total 91136K, used 60003K [0x000000008ce00000, 0x0000000100000000)
  region size 1024K, 20 young (20480K), 2 survivors (2048K)
 Metaspace       used 61688K, committed 62528K, reserved 1114112K
  class space    used 7867K, committed 8256K, reserved 1048576K

Heap Regions: E=young(eden), S=young(survivor), O=old, HS=humongous(starts), HC=humongous(continues), CS=collection set, F=free, OA=open archive, CA=closed archive, TAMS=top-at-mark-start, PB=parsable bottom
|   0|0x000000008ce00000, 0x000000008cf00000, 0x000000008cf00000|100%|HS|  |TAMS 0x000000008ce00000| PB 0x000000008ce00000| Complete 
|   1|0x000000008cf00000, 0x000000008d000000, 0x000000008d000000|100%| O|  |TAMS 0x000000008cf00000| PB 0x000000008cf00000| Untracked 
|   2|0x000000008d000000, 0x000000008d100000, 0x000000008d100000|100%| O|  |TAMS 0x000000008d000000| PB 0x000000008d000000| Untracked 
|   3|0x000000008d100000, 0x000000008d200000, 0x000000008d200000|100%| O|  |TAMS 0x000000008d100000| PB 0x000000008d100000| Untracked 
|   4|0x000000008d200000, 0x000000008d300000, 0x000000008d300000|100%| O|  |TAMS 0x000000008d200000| PB 0x000000008d200000| Untracked 
|   5|0x000000008d300000, 0x000000008d400000, 0x000000008d400000|100%| O|  |TAMS 0x000000008d300000| PB 0x000000008d300000| Untracked 
|   6|0x000000008d400000, 0x000000008d500000, 0x000000008d500000|100%| O|  |TAMS 0x000000008d400000| PB 0x000000008d400000| Untracked 
|   7|0x000000008d500000, 0x000000008d600000, 0x000000008d600000|100%| O|  |TAMS 0x000000008d500000| PB 0x000000008d500000| Untracked 
|   8|0x000000008d600000, 0x000000008d700000, 0x000000008d700000|100%| O|  |TAMS 0x000000008d600000| PB 0x000000008d600000| Untracked 
|   9|0x000000008d700000, 0x000000008d800000, 0x000000008d800000|100%| O|  |TAMS 0x000000008d700000| PB 0x000000008d700000| Untracked 
|  10|0x000000008d800000, 0x000000008d900000, 0x000000008d900000|100%| O|  |TAMS 0x000000008d800000| PB 0x000000008d800000| Untracked 
|  11|0x000000008d900000, 0x000000008da00000, 0x000000008da00000|100%| O|  |TAMS 0x000000008d900000| PB 0x000000008d900000| Complete 
|  12|0x000000008da00000, 0x000000008db00000, 0x000000008db00000|100%| O|  |TAMS 0x000000008da00000| PB 0x000000008da00000| Untracked 
|  13|0x000000008db00000, 0x000000008dc00000, 0x000000008dc00000|100%| O|  |TAMS 0x000000008db00000| PB 0x000000008db00000| Untracked 
|  14|0x000000008dc00000, 0x000000008dd00000, 0x000000008dd00000|100%| O|  |TAMS 0x000000008dc00000| PB 0x000000008dc00000| Untracked 
|  15|0x000000008dd00000, 0x000000008de00000, 0x000000008de00000|100%| O|  |TAMS 0x000000008dd00000| PB 0x000000008dd00000| Untracked 
|  16|0x000000008de00000, 0x000000008df00000, 0x000000008df00000|100%| O|  |TAMS 0x000000008de00000| PB 0x000000008de00000| Untracked 
|  17|0x000000008df00000, 0x000000008e000000, 0x000000008e000000|100%| O|  |TAMS 0x000000008df00000| PB 0x000000008df00000| Untracked 
|  18|0x000000008e000000, 0x000000008e100000, 0x000000008e100000|100%| O|  |TAMS 0x000000008e000000| PB 0x000000008e000000| Untracked 
|  19|0x000000008e100000, 0x000000008e200000, 0x000000008e200000|100%| O|  |TAMS 0x000000008e100000| PB 0x000000008e100000| Untracked 
|  20|0x000000008e200000, 0x000000008e300000, 0x000000008e300000|100%| O|  |TAMS 0x000000008e200000| PB 0x000000008e200000| Untracked 
|  21|0x000000008e300000, 0x000000008e400000, 0x000000008e400000|100%| O|  |TAMS 0x000000008e300000| PB 0x000000008e300000| Untracked 
|  22|0x000000008e400000, 0x000000008e500000, 0x000000008e500000|100%| O|  |TAMS 0x000000008e400000| PB 0x000000008e400000| Untracked 
|  23|0x000000008e500000, 0x000000008e600000, 0x000000008e600000|100%| O|  |TAMS 0x000000008e500000| PB 0x000000008e500000| Complete 
|  24|0x000000008e600000, 0x000000008e700000, 0x000000008e700000|100%| O|  |TAMS 0x000000008e600000| PB 0x000000008e600000| Untracked 
|  25|0x000000008e700000, 0x000000008e800000, 0x000000008e800000|100%| O|  |TAMS 0x000000008e700000| PB 0x000000008e700000| Untracked 
|  26|0x000000008e800000, 0x000000008e900000, 0x000000008e900000|100%| O|  |TAMS 0x000000008e800000| PB 0x000000008e800000| Untracked 
|  27|0x000000008e900000, 0x000000008ea00000, 0x000000008ea00000|100%| O|  |TAMS 0x000000008e900000| PB 0x000000008e900000| Untracked 
|  28|0x000000008ea00000, 0x000000008eb00000, 0x000000008eb00000|100%| O|  |TAMS 0x000000008ea00000| PB 0x000000008ea00000| Untracked 
|  29|0x000000008eb00000, 0x000000008ec00000, 0x000000008ec00000|100%| O|  |TAMS 0x000000008eb00000| PB 0x000000008eb00000| Untracked 
|  30|0x000000008ec00000, 0x000000008ed00000, 0x000000008ed00000|100%| O|  |TAMS 0x000000008ec00000| PB 0x000000008ec00000| Untracked 
|  31|0x000000008ed00000, 0x000000008ee00000, 0x000000008ee00000|100%| O|  |TAMS 0x000000008ed00000| PB 0x000000008ed00000| Untracked 
|  32|0x000000008ee00000, 0x000000008ef00000, 0x000000008ef00000|100%| O|  |TAMS 0x000000008ee00000| PB 0x000000008ee00000| Untracked 
|  33|0x000000008ef00000, 0x000000008f000000, 0x000000008f000000|100%| O|  |TAMS 0x000000008ef00000| PB 0x000000008ef00000| Untracked 
|  34|0x000000008f000000, 0x000000008f100000, 0x000000008f100000|100%| O|  |TAMS 0x000000008f000000| PB 0x000000008f000000| Untracked 
|  35|0x000000008f100000, 0x000000008f200000, 0x000000008f200000|100%| O|  |TAMS 0x000000008f100000| PB 0x000000008f100000| Untracked 
|  36|0x000000008f200000, 0x000000008f300000, 0x000000008f300000|100%| O|  |TAMS 0x000000008f200000| PB 0x000000008f200000| Untracked 
|  37|0x000000008f300000, 0x000000008f36f600, 0x000000008f400000| 43%| O|  |TAMS 0x000000008f300000| PB 0x000000008f300000| Untracked 
|  38|0x000000008f400000, 0x000000008f500000, 0x000000008f500000|100%| O|  |TAMS 0x000000008f400000| PB 0x000000008f400000| Untracked 
|  39|0x000000008f500000, 0x000000008f600000, 0x000000008f600000|100%| O|  |TAMS 0x000000008f500000| PB 0x000000008f500000| Untracked 
|  40|0x000000008f600000, 0x000000008f700000, 0x000000008f700000|100%| O|  |TAMS 0x000000008f600000| PB 0x000000008f600000| Untracked 
|  41|0x000000008f700000, 0x000000008f700000, 0x000000008f800000|  0%| F|  |TAMS 0x000000008f700000| PB 0x000000008f700000| Untracked 
|  42|0x000000008f800000, 0x000000008f800000, 0x000000008f900000|  0%| F|  |TAMS 0x000000008f800000| PB 0x000000008f800000| Untracked 
|  43|0x000000008f900000, 0x000000008f900000, 0x000000008fa00000|  0%| F|  |TAMS 0x000000008f900000| PB 0x000000008f900000| Untracked 
|  44|0x000000008fa00000, 0x000000008fa00000, 0x000000008fb00000|  0%| F|  |TAMS 0x000000008fa00000| PB 0x000000008fa00000| Untracked 
|  45|0x000000008fb00000, 0x000000008fb00000, 0x000000008fc00000|  0%| F|  |TAMS 0x000000008fb00000| PB 0x000000008fb00000| Untracked 
|  46|0x000000008fc00000, 0x000000008fc00000, 0x000000008fd00000|  0%| F|  |TAMS 0x000000008fc00000| PB 0x000000008fc00000| Untracked 
|  47|0x000000008fd00000, 0x000000008fd00000, 0x000000008fe00000|  0%| F|  |TAMS 0x000000008fd00000| PB 0x000000008fd00000| Untracked 
|  48|0x000000008fe00000, 0x000000008fe299a0, 0x000000008ff00000| 16%| S|CS|TAMS 0x000000008fe00000| PB 0x000000008fe00000| Complete 
|  49|0x000000008ff00000, 0x0000000090000000, 0x0000000090000000|100%| S|CS|TAMS 0x000000008ff00000| PB 0x000000008ff00000| Complete 
|  50|0x0000000090000000, 0x0000000090000000, 0x0000000090100000|  0%| F|  |TAMS 0x0000000090000000| PB 0x0000000090000000| Untracked 
|  51|0x0000000090100000, 0x0000000090100000, 0x0000000090200000|  0%| F|  |TAMS 0x0000000090100000| PB 0x0000000090100000| Untracked 
|  52|0x0000000090200000, 0x0000000090200000, 0x0000000090300000|  0%| F|  |TAMS 0x0000000090200000| PB 0x0000000090200000| Untracked 
|  53|0x0000000090300000, 0x0000000090300000, 0x0000000090400000|  0%| F|  |TAMS 0x0000000090300000| PB 0x0000000090300000| Untracked 
|  54|0x0000000090400000, 0x0000000090400000, 0x0000000090500000|  0%| F|  |TAMS 0x0000000090400000| PB 0x0000000090400000| Untracked 
|  55|0x0000000090500000, 0x0000000090500000, 0x0000000090600000|  0%| F|  |TAMS 0x0000000090500000| PB 0x0000000090500000| Untracked 
|  56|0x0000000090600000, 0x0000000090600000, 0x0000000090700000|  0%| F|  |TAMS 0x0000000090600000| PB 0x0000000090600000| Untracked 
|  57|0x0000000090700000, 0x0000000090700000, 0x0000000090800000|  0%| F|  |TAMS 0x0000000090700000| PB 0x0000000090700000| Untracked 
|  58|0x0000000090800000, 0x0000000090800000, 0x0000000090900000|  0%| F|  |TAMS 0x0000000090800000| PB 0x0000000090800000| Untracked 
|  59|0x0000000090900000, 0x0000000090900000, 0x0000000090a00000|  0%| F|  |TAMS 0x0000000090900000| PB 0x0000000090900000| Untracked 
|  60|0x0000000090a00000, 0x0000000090a00000, 0x0000000090b00000|  0%| F|  |TAMS 0x0000000090a00000| PB 0x0000000090a00000| Untracked 
|  61|0x0000000090b00000, 0x0000000090b00000, 0x0000000090c00000|  0%| F|  |TAMS 0x0000000090b00000| PB 0x0000000090b00000| Untracked 
|  62|0x0000000090c00000, 0x0000000090c00000, 0x0000000090d00000|  0%| F|  |TAMS 0x0000000090c00000| PB 0x0000000090c00000| Untracked 
|  63|0x0000000090d00000, 0x0000000090d00000, 0x0000000090e00000|  0%| F|  |TAMS 0x0000000090d00000| PB 0x0000000090d00000| Untracked 
|  64|0x0000000090e00000, 0x0000000090e00000, 0x0000000090f00000|  0%| F|  |TAMS 0x0000000090e00000| PB 0x0000000090e00000| Untracked 
|  65|0x0000000090f00000, 0x0000000090f00000, 0x0000000091000000|  0%| F|  |TAMS 0x0000000090f00000| PB 0x0000000090f00000| Untracked 
|  66|0x0000000091000000, 0x0000000091000000, 0x0000000091100000|  0%| F|  |TAMS 0x0000000091000000| PB 0x0000000091000000| Untracked 
|  67|0x0000000091100000, 0x0000000091100000, 0x0000000091200000|  0%| F|  |TAMS 0x0000000091100000| PB 0x0000000091100000| Untracked 
|  68|0x0000000091200000, 0x0000000091200000, 0x0000000091300000|  0%| F|  |TAMS 0x0000000091200000| PB 0x0000000091200000| Untracked 
|  69|0x0000000091300000, 0x0000000091300000, 0x0000000091400000|  0%| F|  |TAMS 0x0000000091300000| PB 0x0000000091300000| Untracked 
|  70|0x0000000091400000, 0x0000000091400000, 0x0000000091500000|  0%| F|  |TAMS 0x0000000091400000| PB 0x0000000091400000| Untracked 
|  71|0x0000000091500000, 0x0000000091500800, 0x0000000091600000|  0%| E|  |TAMS 0x0000000091500000| PB 0x0000000091500000| Complete 
|  72|0x0000000091600000, 0x0000000091700000, 0x0000000091700000|100%| E|CS|TAMS 0x0000000091600000| PB 0x0000000091600000| Complete 
|  73|0x0000000091700000, 0x0000000091800000, 0x0000000091800000|100%| E|CS|TAMS 0x0000000091700000| PB 0x0000000091700000| Complete 
|  74|0x0000000091800000, 0x0000000091900000, 0x0000000091900000|100%| E|CS|TAMS 0x0000000091800000| PB 0x0000000091800000| Complete 
|  75|0x0000000091900000, 0x0000000091a00000, 0x0000000091a00000|100%| E|CS|TAMS 0x0000000091900000| PB 0x0000000091900000| Complete 
|  76|0x0000000091a00000, 0x0000000091b00000, 0x0000000091b00000|100%| E|CS|TAMS 0x0000000091a00000| PB 0x0000000091a00000| Complete 
|  77|0x0000000091b00000, 0x0000000091c00000, 0x0000000091c00000|100%| E|CS|TAMS 0x0000000091b00000| PB 0x0000000091b00000| Complete 
|  78|0x0000000091c00000, 0x0000000091d00000, 0x0000000091d00000|100%| E|CS|TAMS 0x0000000091c00000| PB 0x0000000091c00000| Complete 
|  79|0x0000000091d00000, 0x0000000091e00000, 0x0000000091e00000|100%| E|CS|TAMS 0x0000000091d00000| PB 0x0000000091d00000| Complete 
|  80|0x0000000091e00000, 0x0000000091f00000, 0x0000000091f00000|100%| E|CS|TAMS 0x0000000091e00000| PB 0x0000000091e00000| Complete 
|  81|0x0000000091f00000, 0x0000000092000000, 0x0000000092000000|100%| E|CS|TAMS 0x0000000091f00000| PB 0x0000000091f00000| Complete 
|  89|0x0000000092700000, 0x0000000092800000, 0x0000000092800000|100%| E|CS|TAMS 0x0000000092700000| PB 0x0000000092700000| Complete 
|  90|0x0000000092800000, 0x0000000092900000, 0x0000000092900000|100%| E|CS|TAMS 0x0000000092800000| PB 0x0000000092800000| Complete 
|  91|0x0000000092900000, 0x0000000092a00000, 0x0000000092a00000|100%| E|CS|TAMS 0x0000000092900000| PB 0x0000000092900000| Complete 
|  92|0x0000000092a00000, 0x0000000092b00000, 0x0000000092b00000|100%| E|CS|TAMS 0x0000000092a00000| PB 0x0000000092a00000| Complete 
|  93|0x0000000092b00000, 0x0000000092c00000, 0x0000000092c00000|100%| E|CS|TAMS 0x0000000092b00000| PB 0x0000000092b00000| Complete 
|  94|0x0000000092c00000, 0x0000000092d00000, 0x0000000092d00000|100%| E|CS|TAMS 0x0000000092c00000| PB 0x0000000092c00000| Complete 
| 115|0x0000000094100000, 0x0000000094200000, 0x0000000094200000|100%| E|CS|TAMS 0x0000000094100000| PB 0x0000000094100000| Complete 

Card table byte_map: [0x000001c3ff980000,0x000001c3ffd20000] _byte_map_base: 0x000001c3ff519000

Marking Bits: (CMBitMap*) 0x000001c3e75c46b0
 Bits: [0x000001c3803a0000, 0x000001c382068000)

Polling page: 0x000001c3e5d50000

Metaspace:

Usage:
  Non-class:     52.56 MB used.
      Class:      7.68 MB used.
       Both:     60.24 MB used.

Virtual space:
  Non-class space:       64.00 MB reserved,      53.00 MB ( 83%) committed,  1 nodes.
      Class space:        1.00 GB reserved,       8.06 MB ( <1%) committed,  1 nodes.
             Both:        1.06 GB reserved,      61.06 MB (  6%) committed. 

Chunk freelists:
   Non-Class:  2.73 MB
       Class:  3.98 MB
        Both:  6.72 MB

MaxMetaspaceSize: unlimited
CompressedClassSpaceSize: 1.00 GB
Initial GC threshold: 21.00 MB
Current GC threshold: 98.25 MB
CDS: on
MetaspaceReclaimPolicy: balanced
 - commit_granule_bytes: 65536.
 - commit_granule_words: 8192.
 - virtual_space_node_default_size: 8388608.
 - enlarge_chunks_in_place: 1.
 - new_chunks_are_fully_committed: 0.
 - uncommit_free_chunks: 1.
 - use_allocation_guard: 0.


Internal statistics:

num_allocs_failed_limit: 9.
num_arena_births: 1210.
num_arena_deaths: 0.
num_vsnodes_births: 2.
num_vsnodes_deaths: 0.
num_space_committed: 976.
num_space_uncommitted: 0.
num_chunks_returned_to_freelist: 9.
num_chunks_taken_from_freelist: 3509.
num_chunk_merges: 6.
num_chunk_splits: 2369.
num_chunks_enlarged: 1699.
num_inconsistent_stats: 0.

CodeHeap 'non-profiled nmethods': size=119168Kb used=5460Kb max_used=5460Kb free=113707Kb
 bounds [0x000001c3f71c0000, 0x000001c3f7720000, 0x000001c3fe620000]
CodeHeap 'profiled nmethods': size=119104Kb used=20715Kb max_used=20715Kb free=98389Kb
 bounds [0x000001c3ef620000, 0x000001c3f0a60000, 0x000001c3f6a70000]
CodeHeap 'non-nmethods': size=7488Kb used=1685Kb max_used=3394Kb free=5803Kb
 bounds [0x000001c3f6a70000, 0x000001c3f6dd0000, 0x000001c3f71c0000]
 total_blobs=10105 nmethods=9434 adapters=580
 compilation: enabled
              stopped_count=0, restarted_count=0
 full_count=0

Compilation events (20 events):
Event: 3857.752 Thread 0x000001c389008090 nmethod 10412 0x000001c3f770d310 code [0x000001c3f770d480, 0x000001c3f770d548]
Event: 3857.753 Thread 0x000001c389008090 10413       1       com.netflix.appinfo.InstanceInfo::getIPAddr (5 bytes)
Event: 3857.753 Thread 0x000001c389008090 nmethod 10413 0x000001c3f770d610 code [0x000001c3f770d780, 0x000001c3f770d848]
Event: 3858.748 Thread 0x000001c384263450 10414       4       io.micrometer.common.ImmutableKeyValue::<init> (25 bytes)
Event: 3858.751 Thread 0x000001c384263450 nmethod 10414 0x000001c3f770d910 code [0x000001c3f770da80, 0x000001c3f770dcf8]
Event: 3859.613 Thread 0x000001c389008090 10415       3       org.glassfish.jersey.message.internal.CommittingOutputStream::flushBuffer (90 bytes)
Event: 3859.620 Thread 0x000001c389008090 nmethod 10415 0x000001c3f0a59d90 code [0x000001c3f0a59fa0, 0x000001c3f0a5a9a8]
Event: 3887.099 Thread 0x000001c384263450 10416       4       io.micrometer.common.KeyValues::isSortedSet (45 bytes)
Event: 3887.109 Thread 0x000001c384263450 nmethod 10416 0x000001c3f770de10 code [0x000001c3f770dfa0, 0x000001c3f770e340]
Event: 3887.110 Thread 0x000001c384263450 10417       4       org.glassfish.jersey.uri.PatternWithGroups$GroupIndexMatchResult::group (53 bytes)
Event: 3887.145 Thread 0x000001c384263450 nmethod 10417 0x000001c3f770e590 code [0x000001c3f770e740, 0x000001c3f770ee98]
Event: 3888.775 Thread 0x000001c384263450 10418       4       io.micrometer.common.KeyValues::toKeyValues (30 bytes)
Event: 3888.879 Thread 0x000001c384263450 nmethod 10418 0x000001c3f770f410 code [0x000001c3f770f660, 0x000001c3f7711120]
Event: 3889.567 Thread 0x000001c384263450 10419       4       io.micrometer.common.KeyValues::of (96 bytes)
Event: 3889.679 Thread 0x000001c384263450 nmethod 10419 0x000001c3f7711f90 code [0x000001c3f7712180, 0x000001c3f77131c8]
Event: 3889.679 Thread 0x000001c384263450 10420   !   4       org.glassfish.jersey.internal.inject.ParamConverters$AbstractStringReader::fromString (61 bytes)
Event: 3889.711 Thread 0x000001c384263450 nmethod 10420 0x000001c3f7713d90 code [0x000001c3f7713f40, 0x000001c3f77142d0]
Event: 3894.719 Thread 0x000001c384263450 10421       4       sun.nio.ch.WEPollSelectorImpl::processEvents (152 bytes)
Event: 3894.786 Thread 0x000001c384263450 nmethod 10421 0x000001c3f7714590 code [0x000001c3f7714740, 0x000001c3f7714d18]
Event: 3894.786 Thread 0x000001c384263450 10422   !   4       sun.nio.ch.SelectorImpl::lockAndDoSelect (87 bytes)

GC Heap History (20 events):
Event: 1.116 GC heap before
{Heap before GC invocations=1 (full 0):
 garbage-first heap   total 118784K, used 34624K [0x000000008ce00000, 0x0000000100000000)
  region size 1024K, 23 young (23552K), 3 survivors (3072K)
 Metaspace       used 8674K, committed 8896K, reserved 1114112K
  class space    used 995K, committed 1088K, reserved 1048576K
}
Event: 1.123 GC heap after
{Heap after GC invocations=2 (full 0):
 garbage-first heap   total 118784K, used 17540K [0x000000008ce00000, 0x0000000100000000)
  region size 1024K, 3 young (3072K), 3 survivors (3072K)
 Metaspace       used 8674K, committed 8896K, reserved 1114112K
  class space    used 995K, committed 1088K, reserved 1048576K
}
Event: 2.782 GC heap before
{Heap before GC invocations=2 (full 0):
 garbage-first heap   total 118784K, used 53380K [0x000000008ce00000, 0x0000000100000000)
  region size 1024K, 38 young (38912K), 3 survivors (3072K)
 Metaspace       used 17838K, committed 18176K, reserved 1114112K
  class space    used 2164K, committed 2304K, reserved 1048576K
}
Event: 2.788 GC heap after
{Heap after GC invocations=3 (full 0):
 garbage-first heap   total 118784K, used 20476K [0x000000008ce00000, 0x0000000100000000)
  region size 1024K, 5 young (5120K), 5 survivors (5120K)
 Metaspace       used 17838K, committed 18176K, reserved 1114112K
  class space    used 2164K, committed 2304K, reserved 1048576K
}
Event: 3.140 GC heap before
{Heap before GC invocations=3 (full 0):
 garbage-first heap   total 118784K, used 39932K [0x000000008ce00000, 0x0000000100000000)
  region size 1024K, 26 young (26624K), 5 survivors (5120K)
 Metaspace       used 21150K, committed 21504K, reserved 1114112K
  class space    used 2502K, committed 2688K, reserved 1048576K
}
Event: 3.148 GC heap after
{Heap after GC invocations=4 (full 0):
 garbage-first heap   total 118784K, used 23598K [0x000000008ce00000, 0x0000000100000000)
  region size 1024K, 6 young (6144K), 6 survivors (6144K)
 Metaspace       used 21150K, committed 21504K, reserved 1114112K
  class space    used 2502K, committed 2688K, reserved 1048576K
}
Event: 4.073 GC heap before
{Heap before GC invocations=5 (full 0):
 garbage-first heap   total 75776K, used 59438K [0x000000008ce00000, 0x0000000100000000)
  region size 1024K, 44 young (45056K), 6 survivors (6144K)
 Metaspace       used 24560K, committed 24960K, reserved 1114112K
  class space    used 2953K, committed 3136K, reserved 1048576K
}
Event: 4.086 GC heap after
{Heap after GC invocations=6 (full 0):
 garbage-first heap   total 75776K, used 23298K [0x000000008ce00000, 0x0000000100000000)
  region size 1024K, 6 young (6144K), 6 survivors (6144K)
 Metaspace       used 24560K, committed 24960K, reserved 1114112K
  class space    used 2953K, committed 3136K, reserved 1048576K
}
Event: 5.116 GC heap before
{Heap before GC invocations=6 (full 0):
 garbage-first heap   total 75776K, used 59138K [0x000000008ce00000, 0x0000000100000000)
  region size 1024K, 40 young (40960K), 6 survivors (6144K)
 Metaspace       used 31689K, committed 32256K, reserved 1114112K
  class space    used 3888K, committed 4160K, reserved 1048576K
}
Event: 5.129 GC heap after
{Heap after GC invocations=7 (full 0):
 garbage-first heap   total 91136K, used 26066K [0x000000008ce00000, 0x0000000100000000)
  region size 1024K, 4 young (4096K), 4 survivors (4096K)
 Metaspace       used 31689K, committed 32256K, reserved 1114112K
  class space    used 3888K, committed 4160K, reserved 1048576K
}
Event: 5.724 GC heap before
{Heap before GC invocations=7 (full 0):
 garbage-first heap   total 91136K, used 58834K [0x000000008ce00000, 0x0000000100000000)
  region size 1024K, 37 young (37888K), 4 survivors (4096K)
 Metaspace       used 35382K, committed 35968K, reserved 1114112K
  class space    used 4403K, committed 4672K, reserved 1048576K
}
Event: 5.731 GC heap after
{Heap after GC invocations=8 (full 0):
 garbage-first heap   total 91136K, used 27495K [0x000000008ce00000, 0x0000000100000000)
  region size 1024K, 6 young (6144K), 6 survivors (6144K)
 Metaspace       used 35382K, committed 35968K, reserved 1114112K
  class space    used 4403K, committed 4672K, reserved 1048576K
}
Event: 6.571 GC heap before
{Heap before GC invocations=9 (full 0):
 garbage-first heap   total 91136K, used 73575K [0x000000008ce00000, 0x0000000100000000)
  region size 1024K, 51 young (52224K), 6 survivors (6144K)
 Metaspace       used 42278K, committed 42944K, reserved 1114112K
  class space    used 5396K, committed 5696K, reserved 1048576K
}
Event: 6.576 GC heap after
{Heap after GC invocations=10 (full 0):
 garbage-first heap   total 91136K, used 33599K [0x000000008ce00000, 0x0000000100000000)
  region size 1024K, 7 young (7168K), 7 survivors (7168K)
 Metaspace       used 42278K, committed 42944K, reserved 1114112K
  class space    used 5396K, committed 5696K, reserved 1048576K
}
Event: 10.148 GC heap before
{Heap before GC invocations=10 (full 0):
 garbage-first heap   total 91136K, used 74559K [0x000000008ce00000, 0x0000000100000000)
  region size 1024K, 47 young (48128K), 7 survivors (7168K)
 Metaspace       used 50092K, committed 50816K, reserved 1114112K
  class space    used 6589K, committed 6912K, reserved 1048576K
}
Event: 10.154 GC heap after
{Heap after GC invocations=11 (full 0):
 garbage-first heap   total 91136K, used 38827K [0x000000008ce00000, 0x0000000100000000)
  region size 1024K, 5 young (5120K), 5 survivors (5120K)
 Metaspace       used 50092K, committed 50816K, reserved 1114112K
  class space    used 6589K, committed 6912K, reserved 1048576K
}
Event: 470.790 GC heap before
{Heap before GC invocations=11 (full 0):
 garbage-first heap   total 91136K, used 72619K [0x000000008ce00000, 0x0000000100000000)
  region size 1024K, 39 young (39936K), 5 survivors (5120K)
 Metaspace       used 59364K, committed 60096K, reserved 1114112K
  class space    used 7790K, committed 8128K, reserved 1048576K
}
Event: 470.843 GC heap after
{Heap after GC invocations=12 (full 0):
 garbage-first heap   total 91136K, used 41446K [0x000000008ce00000, 0x0000000100000000)
  region size 1024K, 4 young (4096K), 4 survivors (4096K)
 Metaspace       used 59364K, committed 60096K, reserved 1114112K
  class space    used 7790K, committed 8128K, reserved 1048576K
}
Event: 2740.426 GC heap before
{Heap before GC invocations=13 (full 0):
 garbage-first heap   total 91136K, used 77286K [0x000000008ce00000, 0x0000000100000000)
  region size 1024K, 39 young (39936K), 4 survivors (4096K)
 Metaspace       used 61545K, committed 62400K, reserved 1114112K
  class space    used 7867K, committed 8256K, reserved 1048576K
}
Event: 2740.520 GC heap after
{Heap after GC invocations=14 (full 0):
 garbage-first heap   total 91136K, used 42595K [0x000000008ce00000, 0x0000000100000000)
  region size 1024K, 2 young (2048K), 2 survivors (2048K)
 Metaspace       used 61545K, committed 62400K, reserved 1114112K
  class space    used 7867K, committed 8256K, reserved 1048576K
}

Dll operation events (11 events):
Event: 0.011 Loaded shared library C:\Program Files\Java\jdk-20\bin\java.dll
Event: 0.019 Loaded shared library C:\Program Files\Java\jdk-20\bin\jsvml.dll
Event: 0.124 Loaded shared library C:\Program Files\Java\jdk-20\bin\net.dll
Event: 0.126 Loaded shared library C:\Program Files\Java\jdk-20\bin\nio.dll
Event: 0.129 Loaded shared library C:\Program Files\Java\jdk-20\bin\zip.dll
Event: 0.354 Loaded shared library C:\Program Files\Java\jdk-20\bin\jimage.dll
Event: 2.907 Loaded shared library C:\Program Files\Java\jdk-20\bin\sunmscapi.dll
Event: 4.743 Loaded shared library C:\Program Files\Java\jdk-20\bin\management.dll
Event: 4.747 Loaded shared library C:\Program Files\Java\jdk-20\bin\management_ext.dll
Event: 4.980 Loaded shared library C:\Program Files\Java\jdk-20\bin\verify.dll
Event: 10.227 Loaded shared library C:\Program Files\Java\jdk-20\bin\extnet.dll

Deoptimization events (20 events):
Event: 3311.259 Thread 0x000001c38a948df0 Uncommon trap: trap_request=0xffffff45 fr.pc=0x000001c3f76b7f9c relative=0x0000000000001cbc
Event: 3311.259 Thread 0x000001c38a948df0 Uncommon trap: reason=unstable_if action=reinterpret pc=0x000001c3f76b7f9c method=java.util.concurrent.ScheduledThreadPoolExecutor$ScheduledFutureTask.compareTo(Ljava/util/concurrent/Delayed;)I @ 40 c2
Event: 3311.261 Thread 0x000001c38a948df0 DEOPT PACKING pc=0x000001c3f76b7f9c sp=0x000000ac2c9fefb0
Event: 3311.263 Thread 0x000001c38a948df0 DEOPT UNPACKING pc=0x000001c3f6ad9d22 sp=0x000000ac2c9fecb0 mode 2
Event: 3431.258 Thread 0x000001c38a949de0 Uncommon trap: trap_request=0xffffff45 fr.pc=0x000001c3f768369c relative=0x000000000000083c
Event: 3431.331 Thread 0x000001c38a949de0 Uncommon trap: reason=unstable_if action=reinterpret pc=0x000001c3f768369c method=java.util.concurrent.ScheduledThreadPoolExecutor$ScheduledFutureTask.compareTo(Ljava/util/concurrent/Delayed;)I @ 40 c2
Event: 3431.355 Thread 0x000001c38a949de0 DEOPT PACKING pc=0x000001c3f768369c sp=0x000000ac2d1fefa0
Event: 3431.382 Thread 0x000001c38a949de0 DEOPT UNPACKING pc=0x000001c3f6ad9d22 sp=0x000000ac2d1fee08 mode 2
Event: 3467.050 Thread 0x000001c38c240dc0 Uncommon trap: trap_request=0xffffff45 fr.pc=0x000001c3f7675720 relative=0x00000000000000a0
Event: 3467.050 Thread 0x000001c38d8436d0 Uncommon trap: trap_request=0xffffff45 fr.pc=0x000001c3f7675720 relative=0x00000000000000a0
Event: 3467.051 Thread 0x000001c38c240dc0 Uncommon trap: reason=unstable_if action=reinterpret pc=0x000001c3f7675720 method=java.lang.CharacterDataLatin1.digit(II)I @ 7 c2
Event: 3467.051 Thread 0x000001c38d8436d0 Uncommon trap: reason=unstable_if action=reinterpret pc=0x000001c3f7675720 method=java.lang.CharacterDataLatin1.digit(II)I @ 7 c2
Event: 3467.051 Thread 0x000001c38c240dc0 DEOPT PACKING pc=0x000001c3f7675720 sp=0x000000ac2dbfb620
Event: 3467.051 Thread 0x000001c38d8436d0 DEOPT PACKING pc=0x000001c3f7675720 sp=0x000000ac2e4fb720
Event: 3467.051 Thread 0x000001c38c240dc0 DEOPT UNPACKING pc=0x000001c3f6ad9d22 sp=0x000000ac2dbfb5a0 mode 2
Event: 3467.052 Thread 0x000001c38d8436d0 DEOPT UNPACKING pc=0x000001c3f6ad9d22 sp=0x000000ac2e4fb6a0 mode 2
Event: 3538.262 Thread 0x000001c38a948df0 Uncommon trap: trap_request=0xffffff45 fr.pc=0x000001c3f72f0984 relative=0x0000000000000084
Event: 3538.263 Thread 0x000001c38a948df0 Uncommon trap: reason=unstable_if action=reinterpret pc=0x000001c3f72f0984 method=java.util.concurrent.locks.AbstractQueuedSynchronizer$ConditionObject.canReacquire(Ljava/util/concurrent/locks/AbstractQueuedSynchronizer$ConditionNode;)Z @ 18 c2
Event: 3538.263 Thread 0x000001c38a948df0 DEOPT PACKING pc=0x000001c3f72f0984 sp=0x000000ac2c9fed50
Event: 3538.264 Thread 0x000001c38a948df0 DEOPT UNPACKING pc=0x000001c3f6ad9d22 sp=0x000000ac2c9fece0 mode 2

Classes loaded (20 events):
Event: 470.998 Loading class com/sun/beans/finder/AbstractFinder done
Event: 470.998 Loading class com/sun/beans/finder/MethodFinder done
Event: 470.998 Loading class com/sun/beans/finder/MethodFinder$1
Event: 470.999 Loading class com/sun/beans/finder/MethodFinder$1 done
Event: 470.999 Loading class com/sun/beans/finder/FinderUtils
Event: 470.999 Loading class com/sun/beans/finder/FinderUtils done
Event: 471.004 Loading class java/lang/EnumBeanInfo
Event: 471.004 Loading class java/lang/EnumBeanInfo done
Event: 471.004 Loading class java/lang/EnumBeanInfo
Event: 471.004 Loading class java/lang/EnumBeanInfo done
Event: 471.004 Loading class java/lang/EnumCustomizer
Event: 471.004 Loading class java/lang/EnumCustomizer done
Event: 471.005 Loading class java/lang/EnumCustomizer
Event: 471.005 Loading class java/lang/EnumCustomizer done
Event: 471.005 Loading class java/lang/Enum$EnumDesc
Event: 471.006 Loading class java/lang/Enum$EnumDesc done
Event: 471.670 Loading class java/util/ArrayList$SubList$2
Event: 471.670 Loading class java/util/ArrayList$SubList$2 done
Event: 899.579 Loading class sun/net/ConnectionResetException
Event: 899.586 Loading class sun/net/ConnectionResetException done

Classes unloaded (0 events):
No events

Classes redefined (0 events):
No events

Internal exceptions (20 events):
Event: 471.012 Thread 0x000001c38d843180 Exception <a 'java/lang/ClassNotFoundException'{0x0000000092b0b1a0}: com/netflix/eureka/util/StatusInfoCustomizer> (0x0000000092b0b1a0) 
thrown [s\open\src\hotspot\share\classfile\systemDictionary.cpp, line 305]
Event: 471.018 Thread 0x000001c38d843180 Exception <a 'java/io/IOException'{0x0000000092b1c870}> (0x0000000092b1c870) 
thrown [s\open\src\hotspot\share\prims\jni.cpp, line 519]
Event: 471.668 Thread 0x000001c38d845160 Exception <a 'java/lang/NoSuchMethodError'{0x0000000092b6f3f8}: 'java.lang.Object java.lang.invoke.DirectMethodHandle$Holder.invokeStatic(java.lang.Object, int, int)'> (0x0000000092b6f3f8) 
thrown [s\open\src\hotspot\share\interpreter\linkResolver.cpp, line 773]
Event: 899.590 Thread 0x000001c38d8446c0 Exception <a 'sun/net/ConnectionResetException'{0x0000000091d1a6a8}: Connection reset> (0x0000000091d1a6a8) 
thrown [s\open\src\hotspot\share\prims\jni.cpp, line 538]
Event: 899.590 Thread 0x000001c38d845160 Exception <a 'sun/net/ConnectionResetException'{0x0000000091d25380}: Connection reset> (0x0000000091d25380) 
thrown [s\open\src\hotspot\share\prims\jni.cpp, line 538]
Event: 929.160 Thread 0x000001c38c240870 Exception <a 'sun/net/ConnectionResetException'{0x0000000091d59d28}: Connection reset> (0x0000000091d59d28) 
thrown [s\open\src\hotspot\share\prims\jni.cpp, line 538]
Event: 929.160 Thread 0x000001c38c23f880 Exception <a 'sun/net/ConnectionResetException'{0x0000000091d6f298}: Connection reset> (0x0000000091d6f298) 
thrown [s\open\src\hotspot\share\prims\jni.cpp, line 538]
Event: 1039.592 Thread 0x000001c38c240dc0 Exception <a 'sun/net/ConnectionResetException'{0x0000000091b04930}: Connection reset> (0x0000000091b04930) 
thrown [s\open\src\hotspot\share\prims\jni.cpp, line 538]
Event: 1039.592 Thread 0x000001c38d8436d0 Exception <a 'sun/net/ConnectionResetException'{0x0000000091b1dd40}: Connection reset> (0x0000000091b1dd40) 
thrown [s\open\src\hotspot\share\prims\jni.cpp, line 538]
Event: 1138.763 Thread 0x000001c38d843180 Exception <a 'sun/net/ConnectionResetException'{0x0000000091bfda68}: Connection reset> (0x0000000091bfda68) 
thrown [s\open\src\hotspot\share\prims\jni.cpp, line 538]
Event: 1138.764 Thread 0x000001c38d8446c0 Exception <a 'sun/net/ConnectionResetException'{0x0000000091a66b70}: Connection reset> (0x0000000091a66b70) 
thrown [s\open\src\hotspot\share\prims\jni.cpp, line 538]
Event: 1240.575 Thread 0x000001c38c240320 Exception <a 'sun/net/ConnectionResetException'{0x0000000091adcde0}: Connection reset> (0x0000000091adcde0) 
thrown [s\open\src\hotspot\share\prims\jni.cpp, line 538]
Event: 1240.575 Thread 0x000001c38c23f880 Exception <a 'sun/net/ConnectionResetException'{0x0000000091833f68}: Connection reset> (0x0000000091833f68) 
thrown [s\open\src\hotspot\share\prims\jni.cpp, line 538]
Event: 3372.767 Thread 0x000001c38c240dc0 Exception <a 'sun/net/ConnectionResetException'{0x0000000091e34d28}: Connection reset> (0x0000000091e34d28) 
thrown [s\open\src\hotspot\share\prims\jni.cpp, line 538]
Event: 3372.767 Thread 0x000001c38d8436d0 Exception <a 'sun/net/ConnectionResetException'{0x0000000091e10c48}: Connection reset> (0x0000000091e10c48) 
thrown [s\open\src\hotspot\share\prims\jni.cpp, line 538]
Event: 3372.767 Thread 0x000001c38c23f880 Exception <a 'sun/net/ConnectionResetException'{0x0000000091e55c78}: Connection reset> (0x0000000091e55c78) 
thrown [s\open\src\hotspot\share\prims\jni.cpp, line 538]
Event: 3420.758 Thread 0x000001c38c23f880 Exception <a 'sun/net/ConnectionResetException'{0x0000000091efc308}: Connection reset> (0x0000000091efc308) 
thrown [s\open\src\hotspot\share\prims\jni.cpp, line 538]
Event: 3420.758 Thread 0x000001c38d845160 Exception <a 'sun/net/ConnectionResetException'{0x0000000091d40330}: Connection reset> (0x0000000091d40330) 
thrown [s\open\src\hotspot\share\prims\jni.cpp, line 538]
Event: 3628.327 Thread 0x000001c38c240320 Exception <a 'sun/net/ConnectionResetException'{0x0000000091af50d8}: Connection reset> (0x0000000091af50d8) 
thrown [s\open\src\hotspot\share\prims\jni.cpp, line 538]
Event: 3628.327 Thread 0x000001c38d845c00 Exception <a 'sun/net/ConnectionResetException'{0x0000000091aeef28}: Connection reset> (0x0000000091aeef28) 
thrown [s\open\src\hotspot\share\prims\jni.cpp, line 538]

VM Operations (20 events):
Event: 3659.716 Executing VM operation: Cleanup
Event: 3659.717 Executing VM operation: Cleanup done
Event: 3660.717 Executing VM operation: Cleanup
Event: 3660.717 Executing VM operation: Cleanup done
Event: 3736.768 Executing VM operation: Cleanup
Event: 3736.832 Executing VM operation: Cleanup done
Event: 3768.849 Executing VM operation: Cleanup
Event: 3768.850 Executing VM operation: Cleanup done
Event: 3779.854 Executing VM operation: Cleanup
Event: 3779.855 Executing VM operation: Cleanup done
Event: 3796.865 Executing VM operation: Cleanup
Event: 3796.865 Executing VM operation: Cleanup done
Event: 3798.866 Executing VM operation: Cleanup
Event: 3798.866 Executing VM operation: Cleanup done
Event: 3826.879 Executing VM operation: Cleanup
Event: 3826.879 Executing VM operation: Cleanup done
Event: 3828.880 Executing VM operation: Cleanup
Event: 3828.880 Executing VM operation: Cleanup done
Event: 3889.005 Executing VM operation: Cleanup
Event: 3889.007 Executing VM operation: Cleanup done

Events (20 events):
Event: 1926.581 Thread 0x000001c38a96aa40 Thread exited: 0x000001c38a96aa40
Event: 1942.360 Thread 0x000001c38a967dc0 Thread exited: 0x000001c38a967dc0
Event: 2317.923 Thread 0x000001c38a964620 Thread added: 0x000001c38a964620
Event: 2319.697 Thread 0x000001c38a964620 Thread exited: 0x000001c38a964620
Event: 2381.661 Thread 0x000001c38a964620 Thread added: 0x000001c38a964620
Event: 2381.662 Thread 0x000001c38a969990 Thread added: 0x000001c38a969990
Event: 2381.662 Thread 0x000001c38a969400 Thread added: 0x000001c38a969400
Event: 2384.630 Thread 0x000001c38a969400 Thread exited: 0x000001c38a969400
Event: 2384.630 Thread 0x000001c38a969990 Thread exited: 0x000001c38a969990
Event: 2389.887 Thread 0x000001c38a964620 Thread exited: 0x000001c38a964620
Event: 2407.717 Thread 0x000001c38a967dc0 Thread added: 0x000001c38a967dc0
Event: 2411.663 Thread 0x000001c38a967dc0 Thread exited: 0x000001c38a967dc0
Event: 3375.120 Thread 0x000001c38a9672a0 Thread added: 0x000001c38a9672a0
Event: 3375.120 Thread 0x000001c38a964620 Thread added: 0x000001c38a964620
Event: 3375.120 Thread 0x000001c38a963b00 Thread added: 0x000001c38a963b00
Event: 3382.455 Thread 0x000001c38a963b00 Thread exited: 0x000001c38a963b00
Event: 3387.455 Thread 0x000001c38a9672a0 Thread exited: 0x000001c38a9672a0
Event: 3387.455 Thread 0x000001c38a964620 Thread exited: 0x000001c38a964620
Event: 3610.210 Thread 0x000001c38a9661f0 Thread added: 0x000001c38a9661f0
Event: 3615.834 Thread 0x000001c38a9661f0 Thread exited: 0x000001c38a9661f0


Dynamic libraries:
0x00007ff6835b0000 - 0x00007ff6835c0000 	C:\Program Files\Java\jdk-20\bin\java.exe
0x00007ff9b7a20000 - 0x00007ff9b7c85000 	C:\WINDOWS\SYSTEM32\ntdll.dll
0x00007ff9b7140000 - 0x00007ff9b7209000 	C:\WINDOWS\System32\KERNEL32.DLL
0x00007ff9b4f00000 - 0x00007ff9b52e8000 	C:\WINDOWS\System32\KERNELBASE.dll
0x00007ff9b5460000 - 0x00007ff9b55ab000 	C:\WINDOWS\System32\ucrtbase.dll
0x00007ff9af730000 - 0x00007ff9af749000 	C:\Program Files\Java\jdk-20\bin\jli.dll
0x00007ff9ae7c0000 - 0x00007ff9ae7db000 	C:\Program Files\Java\jdk-20\bin\VCRUNTIME140.dll
0x00007ff9b7220000 - 0x00007ff9b72d3000 	C:\WINDOWS\System32\ADVAPI32.dll
0x00007ff9b7930000 - 0x00007ff9b79d9000 	C:\WINDOWS\System32\msvcrt.dll
0x00007ff9b76d0000 - 0x00007ff9b7776000 	C:\WINDOWS\System32\sechost.dll
0x00007ff9b74f0000 - 0x00007ff9b7605000 	C:\WINDOWS\System32\RPCRT4.dll
0x00007ff9b5870000 - 0x00007ff9b5a3a000 	C:\WINDOWS\System32\USER32.dll
0x00007ff99f810000 - 0x00007ff99faaa000 	C:\WINDOWS\WinSxS\amd64_microsoft.windows.common-controls_6595b64144ccf1df_6.0.26100.4202_none_3e0698d4e335f517\COMCTL32.dll
0x00007ff9b5430000 - 0x00007ff9b5457000 	C:\WINDOWS\System32\win32u.dll
0x00007ff9b7610000 - 0x00007ff9b763b000 	C:\WINDOWS\System32\GDI32.dll
0x00007ff9b52f0000 - 0x00007ff9b5427000 	C:\WINDOWS\System32\gdi32full.dll
0x00007ff9b4b70000 - 0x00007ff9b4c13000 	C:\WINDOWS\System32\msvcp_win.dll
0x00007ff9a80e0000 - 0x00007ff9a80eb000 	C:\WINDOWS\SYSTEM32\VERSION.dll
0x00007ff9b5e30000 - 0x00007ff9b5e60000 	C:\WINDOWS\System32\IMM32.DLL
0x00007ff9af710000 - 0x00007ff9af71c000 	C:\Program Files\Java\jdk-20\bin\vcruntime140_1.dll
0x00007ff89dab0000 - 0x00007ff89db3e000 	C:\Program Files\Java\jdk-20\bin\msvcp140.dll
0x00007ff873440000 - 0x00007ff8740d7000 	C:\Program Files\Java\jdk-20\bin\server\jvm.dll
0x00007ff9a81d0000 - 0x00007ff9a8205000 	C:\WINDOWS\SYSTEM32\WINMM.dll
0x00007ff9af700000 - 0x00007ff9af70a000 	C:\WINDOWS\SYSTEM32\WSOCK32.dll
0x00007ff9b5cb0000 - 0x00007ff9b5d24000 	C:\WINDOWS\System32\WS2_32.dll
0x00007ff9b3a50000 - 0x00007ff9b3a6b000 	C:\WINDOWS\SYSTEM32\kernel.appcore.dll
0x00007ff9a63c0000 - 0x00007ff9a63ca000 	C:\Program Files\Java\jdk-20\bin\jimage.dll
0x00007ff9b1df0000 - 0x00007ff9b2031000 	C:\WINDOWS\SYSTEM32\DBGHELP.DLL
0x00007ff9b5fe0000 - 0x00007ff9b6365000 	C:\WINDOWS\System32\combase.dll
0x00007ff9b7840000 - 0x00007ff9b7921000 	C:\WINDOWS\System32\OLEAUT32.dll
0x00007ff97e570000 - 0x00007ff97e5a9000 	C:\WINDOWS\SYSTEM32\dbgcore.DLL
0x00007ff9b4e60000 - 0x00007ff9b4ef9000 	C:\WINDOWS\System32\bcryptPrimitives.dll
0x00007ff9376a0000 - 0x00007ff9376c6000 	C:\Program Files\Java\jdk-20\bin\java.dll
0x00007ff894380000 - 0x00007ff894457000 	C:\Program Files\Java\jdk-20\bin\jsvml.dll
0x00007ff9b69f0000 - 0x00007ff9b7132000 	C:\WINDOWS\System32\SHELL32.dll
0x00007ff9b4ce0000 - 0x00007ff9b4e54000 	C:\WINDOWS\System32\wintypes.dll
0x00007ff9b27c0000 - 0x00007ff9b3017000 	C:\WINDOWS\SYSTEM32\windows.storage.dll
0x00007ff9b5e90000 - 0x00007ff9b5f81000 	C:\WINDOWS\System32\SHCORE.dll
0x00007ff9b7790000 - 0x00007ff9b77fa000 	C:\WINDOWS\System32\shlwapi.dll
0x00007ff9b4a80000 - 0x00007ff9b4aaf000 	C:\WINDOWS\SYSTEM32\profapi.dll
0x00007ff937680000 - 0x00007ff937693000 	C:\Program Files\Java\jdk-20\bin\net.dll
0x00007ff9aeb50000 - 0x00007ff9aec6e000 	C:\WINDOWS\SYSTEM32\WINHTTP.dll
0x00007ff9b3fc0000 - 0x00007ff9b402a000 	C:\WINDOWS\system32\mswsock.dll
0x00007ff932fa0000 - 0x00007ff932fb6000 	C:\Program Files\Java\jdk-20\bin\nio.dll
0x00007ff8aa590000 - 0x00007ff8aa5a8000 	C:\Program Files\Java\jdk-20\bin\zip.dll
0x00007ff9b33f0000 - 0x00007ff9b3423000 	C:\WINDOWS\SYSTEM32\IPHLPAPI.DLL
0x00007ff9b7780000 - 0x00007ff9b778a000 	C:\WINDOWS\System32\NSI.dll
0x00007ff9aefd0000 - 0x00007ff9aefef000 	C:\WINDOWS\SYSTEM32\dhcpcsvc6.DLL
0x00007ff9aee90000 - 0x00007ff9aeeb5000 	C:\WINDOWS\SYSTEM32\dhcpcsvc.DLL
0x00007ff9b3490000 - 0x00007ff9b35b7000 	C:\WINDOWS\SYSTEM32\DNSAPI.dll
0x00007ff949d70000 - 0x00007ff949d7e000 	C:\Program Files\Java\jdk-20\bin\sunmscapi.dll
0x00007ff9b5640000 - 0x00007ff9b57b7000 	C:\WINDOWS\System32\CRYPT32.dll
0x00007ff9b4490000 - 0x00007ff9b44c0000 	C:\WINDOWS\SYSTEM32\ncrypt.dll
0x00007ff9b4440000 - 0x00007ff9b447f000 	C:\WINDOWS\SYSTEM32\NTASN1.dll
0x00007ff9b4280000 - 0x00007ff9b429b000 	C:\WINDOWS\SYSTEM32\CRYPTSP.dll
0x00007ff9b39b0000 - 0x00007ff9b39ea000 	C:\WINDOWS\system32\rsaenh.dll
0x00007ff9b4060000 - 0x00007ff9b408b000 	C:\WINDOWS\SYSTEM32\USERENV.dll
0x00007ff9b4a50000 - 0x00007ff9b4a76000 	C:\WINDOWS\SYSTEM32\bcrypt.dll
0x00007ff9b4270000 - 0x00007ff9b427c000 	C:\WINDOWS\SYSTEM32\CRYPTBASE.dll
0x00007ff94f5c0000 - 0x00007ff94f5ca000 	C:\Program Files\Java\jdk-20\bin\management.dll
0x00007ff94f470000 - 0x00007ff94f47b000 	C:\Program Files\Java\jdk-20\bin\management_ext.dll
0x00007ff9b7210000 - 0x00007ff9b7218000 	C:\WINDOWS\System32\PSAPI.DLL
0x00007ff977750000 - 0x00007ff977760000 	C:\Program Files\Java\jdk-20\bin\verify.dll
0x00007ff9ad7b0000 - 0x00007ff9ad7bb000 	C:\Windows\System32\rasadhlp.dll
0x00007ff9af240000 - 0x00007ff9af2c6000 	C:\WINDOWS\System32\fwpuclnt.dll
0x00007ff951140000 - 0x00007ff951147000 	C:\Program Files\Java\jdk-20\bin\extnet.dll
0x00007ff9acd40000 - 0x00007ff9acd48000 	C:\WINDOWS\system32\wshunix.dll

dbghelp: loaded successfully - version: 4.0.5 - missing functions: none
symbol engine: initialized successfully - sym options: 0x614 - pdb path: .;C:\Program Files\Java\jdk-20\bin;C:\WINDOWS\SYSTEM32;C:\WINDOWS\WinSxS\amd64_microsoft.windows.common-controls_6595b64144ccf1df_6.0.26100.4202_none_3e0698d4e335f517;C:\Program Files\Java\jdk-20\bin\server

VM Arguments:
java_command: com.example.eureka_server.EurekaServerApplication
java_class_path (initial): D:\Activity\Asisten Praktikum\Arsitektur dan Desain Perangkat Lunak\Self Learn\Microservice\eureka-server\target\classes;C:\Users\putra\.m2\repository\org\springframework\boot\spring-boot-starter-actuator\3.5.0\spring-boot-starter-actuator-3.5.0.jar;C:\Users\putra\.m2\repository\org\springframework\boot\spring-boot-starter\3.5.0\spring-boot-starter-3.5.0.jar;C:\Users\putra\.m2\repository\org\springframework\boot\spring-boot\3.5.0\spring-boot-3.5.0.jar;C:\Users\putra\.m2\repository\org\springframework\spring-context\6.2.7\spring-context-6.2.7.jar;C:\Users\putra\.m2\repository\org\springframework\spring-aop\6.2.7\spring-aop-6.2.7.jar;C:\Users\putra\.m2\repository\org\springframework\spring-beans\6.2.7\spring-beans-6.2.7.jar;C:\Users\putra\.m2\repository\org\springframework\spring-expression\6.2.7\spring-expression-6.2.7.jar;C:\Users\putra\.m2\repository\org\springframework\boot\spring-boot-autoconfigure\3.5.0\spring-boot-autoconfigure-3.5.0.jar;C:\Users\putra\.m2\repository\org\springframework\boot\spring-boot-starter-logging\3.5.0\spring-boot-starter-logging-3.5.0.jar;C:\Users\putra\.m2\repository\ch\qos\logback\logback-classic\1.5.18\logback-classic-1.5.18.jar;C:\Users\putra\.m2\repository\ch\qos\logback\logback-core\1.5.18\logback-core-1.5.18.jar;C:\Users\putra\.m2\repository\org\apache\logging\log4j\log4j-to-slf4j\2.24.3\log4j-to-slf4j-2.24.3.jar;C:\Users\putra\.m2\repository\org\apache\logging\log4j\log4j-api\2.24.3\log4j-api-2.24.3.jar;C:\Users\putra\.m2\repository\org\slf4j\jul-to-slf4j\2.0.17\jul-to-slf4j-2.0.17.jar;C:\Users\putra\.m2\repository\jakarta\annotation\jakarta.annotation-api\2.1.1\jakarta.annotation-api-2.1.1.jar;C:\Users\putra\.m2\repository\org\yaml\snakeyaml\2.4\snakeyaml-2.4.jar;C:\Users\putra\.m2\repository\org\springframework\boot\spring-boot-actuator-autoconfigure\3.5.0\spring-boot-actuator-autoconfigure-3.5.0.jar;C:\Users\putra\.m2\repository\org\springframework\boot\spring-boot-actuator\3.5.0\spring-boot-actuator-3.5.0.jar;C:\Users\putra\.m2\repository\com\fasterxml\jackson\core\jackson-databind\2.19.0\jackson-databind-2.19.0.jar;C:\Users\putra\.m2\repository\com\fasterxml\jackson\core\jackson-annotations\2.19.0\jackson-annotations-2.19.0.jar;C:\Users\putra\.m2\repository\com\fasterxml\jackson\core\jackson-core\2.19.0\jackson-core-2.19.0.jar;C:\Users\putra\.m2\repository\com\fasterxml\jackson\datatype\jackson-datatype-jsr310\2.19.0\jackson-datatype-jsr310-2.19.0.jar;C:\Users\putra\.m2\repository\io\micrometer\micrometer-observation\1.15.0\micrometer-observation-1.15.0.jar;C:\Users\putra\.m2\repository\io\micrometer\micrometer-commons\1.15.0\micrometer-commons-1.15.0.jar;C:\Users\putra\.m2\repository\io\micrometer\micrometer-jakarta9\1.15.0\micrometer-jakarta9-1.15.0.jar;C:\Users\putra\.m2\repository\io\micrometer\micrometer-core\1.15.0\micrometer-core-1.15.0.jar;C:\Users\putra\.m2\repository\org\hdrhistogram\HdrHistogram\2.2.2\HdrHistogram-2.2.2.jar;C:\Users\putra\.m2\repository\org\latencyutils\LatencyUtils\2.0.3\LatencyUtils-2.0.3.jar;C:\Users\putra\.m2\repository\org\springframework\cloud\spring-cloud-starter-netflix-eureka-server\4.3.0\spring-cloud-starter-netflix-eureka-server-4.3.0.jar;C:\Users\putra\.m2\repository\org\springframework\cloud\spring-cloud-starter\4.3.0\spring-cloud-starter-4.3.0.jar;C:\Users\putra\.m2\repository\org\springframework\cloud\spring-cloud-context\4.3.0\spring-cloud-context-4.3.0.jar;C:\Users\putra\.m2\repository\org\springframework\security\spring-security-crypto\6.5.0\spring-security-crypto-6.5.0.jar;C:\Users\putra\.m2\repository\org\springframework\cloud\spring-cloud-commons\4.3.0\spring-cloud-commons-4.3.0.jar;C:\Users\putra\.m2\repository\org\bouncycastle\bcprov-jdk18on\1.80\bcprov-jdk18on-1.80.jar;C:\Users\putra\.m2\repository\org\springframework\cloud\spring-cloud-netflix-eureka-server\4.3.0\spring-cloud-netflix-eureka-server-4.3.0.jar;C:\Users\putra\.m2\repository\org\springframework\boot\spring-boot-starter-web\3.5.0\spring-boot-starter-web-3.5.0.jar;C:\Users\putra\.m2\repository\org\springframework\boot\spring-boot-starter-json\3.5.0\spring-boot-starter-json-3.5.0.jar;C:\Users\putra\.m2\repository\com\fasterxml\jackson\datatype\jackson-datatype-jdk8\2.19.0\jackson-datatype-jdk8-2.19.0.jar;C:\Users\putra\.m2\repository\com\fasterxml\jackson\module\jackson-module-parameter-names\2.19.0\jackson-module-parameter-names-2.19.0.jar;C:\Users\putra\.m2\repository\org\springframework\boot\spring-boot-starter-tomcat\3.5.0\spring-boot-starter-tomcat-3.5.0.jar;C:\Users\putra\.m2\repository\org\apache\tomcat\embed\tomcat-embed-core\10.1.41\tomcat-embed-core-10.1.41.jar;C:\Users\putra\.m2\repository\org\apache\tomcat\embed\tomcat-embed-el\10.1.41\tomcat-embed-el-10.1.41.jar;C:\Users\putra\.m2\repository\org\apache\tomcat\embed\tomcat-embed-websocket\10.1.41\tomcat-embed-websocket-10.1.41.jar;C:\Users\putra\.m2\repository\org\springframework\spring-web\6.2.7\spring-web-6.2.7.jar;C:\Users\putra\.m2\repository\org\springframework\spring-webmvc\6.2.7\spring-webmvc-6.2.7.jar;C:\Users\putra\.m2\repository\org\springframework\boot\spring-boot-starter-freemarker\3.5.0\spring-boot-starter-freemarker-3.5.0.jar;C:\Users\putra\.m2\repository\org\freemarker\freemarker\2.3.34\freemarker-2.3.34.jar;C:\Users\putra\.m2\repository\org\springframework\spring-context-support\6.2.7\spring-context-support-6.2.7.jar;C:\Users\putra\.m2\repository\org\springframework\cloud\spring-cloud-netflix-eureka-client\4.3.0\spring-cloud-netflix-eureka-client-4.3.0.jar;C:\Users\putra\.m2\repository\com\netflix\eureka\eureka-client\2.0.4\eureka-client-2.0.4.jar;C:\Users\putra\.m2\repository\com\thoughtworks\xstream\xstream\1.4.20\xstream-1.4.20.jar;C:\Users\putra\.m2\repository\io\github\x-stream\mxparser\1.2.2\mxparser-1.2.2.jar;C:\Users\putra\.m2\repository\xmlpull\xmlpull\1.1.3.1\xmlpull-1.1.3.1.jar;C:\Users\putra\.m2\repository\com\netflix\spectator\spectator-api\1.7.3\spectator-api-1.7.3.jar;C:\Users\putra\.m2\repository\org\apache\httpcomponents\httpclient\4.5.3\httpclient-4.5.3.jar;C:\Users\putra\.m2\repository\org\apache\httpcomponents\httpcore\4.4.16\httpcore-4.4.16.jar;C:\Users\putra\.m2\repository\commons-configuration\commons-configuration\1.10\commons-configuration-1.10.jar;C:\Users\putra\.m2\repository\commons-lang\commons-lang\2.6\commons-lang-2.6.jar;C:\Users\putra\.m2\repository\com\netflix\netflix-commons\netflix-eventbus\0.3.0\netflix-eventbus-0.3.0.jar;C:\Users\putra\.m2\repository\com\netflix\netflix-commons\netflix-infix\0.3.0\netflix-infix-0.3.0.jar;C:\Users\putra\.m2\repository\commons-jxpath\commons-jxpath\1.3\commons-jxpath-1.3.jar;C:\Users\putra\.m2\repository\joda-time\joda-time\2.3\joda-time-2.3.jar;C:\Users\putra\.m2\repository\org\antlr\antlr-runtime\3.4\antlr-runtime-3.4.jar;C:\Users\putra\.m2\repository\org\antlr\stringtemplate\3.2.1\stringtemplate-3.2.1.jar;C:\Users\putra\.m2\repository\antlr\antlr\2.7.7\antlr-2.7.7.jar;C:\Users\putra\.m2\repository\com\google\code\gson\gson\2.13.1\gson-2.13.1.jar;C:\Users\putra\.m2\repository\com\netflix\servo\servo-core\0.5.3\servo-core-0.5.3.jar;C:\Users\putra\.m2\repository\org\apache\commons\commons-math\2.2\commons-math-2.2.jar;C:\Users\putra\.m2\repository\javax\annotation\javax.annotation-api\1.2\javax.annotation-api-1.2.jar;C:\Users\putra\.m2\repository\org\codehaus\jettison\jettison\1.5.4\jettison-1.5.4.jar;C:\Users\putra\.m2\repository\org\apache\httpcomponents\client5\httpclient5\5.4.4\httpclient5-5.4.4.jar;C:\Users\putra\.m2\repository\org\apache\httpcomponents\core5\httpcore5\5.3.4\httpcore5-5.3.4.jar;C:\Users\putra\.m2\repository\org\apache\httpcomponents\core5\httpcore5-h2\5.3.4\httpcore5-h2-5.3.4.jar;C:\Users\putra\.m2\repository\com\netflix\eureka\eureka-client-jersey3\2.0.4\eureka-client-jersey3-2.0.4.jar;C:\Users\putra\.m2\repository\org\glassfish\jersey\connectors\jersey-apache-connector\3.1.10\jersey-apache-connector-3.1.10.jar;C:\Users\putra\.m2\repository\commons-codec\commons-codec\1.18.0\commons-codec-1.18.0.jar;C:\Users\putra\.m2\repository\com\netflix\eureka\eureka-core-jersey3\2.0.4\eureka-core-jersey3-2.0.4.jar;C:\Users\putra\.m2\repository\com\netflix\eureka\eureka-core\2.0.4\eureka-core-2.0.4.jar;C:\Users\putra\.m2\repository\com\google\guava\guava\33.0.0-jre\guava-33.0.0-jre.jar;C:\Users\putra\.m2\repository\com\google\guava\failureaccess\1.0.2\failureaccess-1.0.2.jar;C:\Users\putra\.m2\repository\com\google\guava\listenablefuture\9999.0-empty-to-avoid-conflict-with-guava\listenablefuture-9999.0-empty-to-avoid-conflict-with-guava.jar;C:\Users\putra\.m2\repository\org\checkerframework\checker-qual\3.41.0\checker-qual-3.41.0.jar;C:\Users\putra\.m2\repository\com\google\errorprone\error_prone_annotations\2.23.0\error_prone_annotations-2.23.0.jar;C:\Users\putra\.m2\repository\com\google\j2objc\j2objc-annotations\2.8\j2objc-annotations-2.8.jar;C:\Users\putra\.m2\repository\org\glassfish\jersey\containers\jersey-container-servlet\3.1.10\jersey-container-servlet-3.1.10.jar;C:\Users\putra\.m2\repository\org\glassfish\jersey\containers\jersey-container-servlet-core\3.1.10\jersey-container-servlet-core-3.1.10.jar;C:\Users\putra\.m2\repository\org\glassfish\jersey\core\jersey-common\3.1.10\jersey-common-3.1.10.jar;C:\Users\putra\.m2\repository\org\glassfish\hk2\osgi-resource-locator\1.0.3\osgi-resource-locator-1.0.3.jar;C:\Users\putra\.m2\repository\jakarta\ws\rs\jakarta.ws.rs-api\3.1.0\jakarta.ws.rs-api-3.1.0.jar;C:\Users\putra\.m2\repository\org\glassfish\jersey\core\jersey-server\3.1.10\jersey-server-3.1.10.jar;C:\Users\putra\.m2\repository\jakarta\inject\jakarta.inject-api\2.0.1\jakarta.inject-api-2.0.1.jar;C:\Users\putra\.m2\repository\jakarta\validation\jakarta.validation-api\3.0.2\jakarta.validation-api-3.0.2.jar;C:\Users\putra\.m2\repository\org\glassfish\jersey\core\jersey-client\3.1.10\jersey-client-3.1.10.jar;C:\Users\putra\.m2\repository\org\glassfish\jersey\inject\jersey-hk2\3.1.10\jersey-hk2-3.1.10.jar;C:\Users\putra\.m2\repository\org\glassfish\hk2\hk2-locator\3.0.6\hk2-locator-3.0.6.jar;C:\Users\putra\.m2\repository\org\glassfish\hk2\hk2-utils\3.0.6\hk2-utils-3.0.6.jar;C:\Users\putra\.m2\repository\org\javassist\javassist\3.30.2-GA\javassist-3.30.2-GA.jar;C:\Users\putra\.m2\repository\org\glassfish\hk2\spring-bridge\3.1.1\spring-bridge-3.1.1.jar;C:\Users\putra\.m2\repository\org\glassfish\hk2\hk2-api\3.1.1\hk2-api-3.1.1.jar;C:\Users\putra\.m2\repository\com\fasterxml\jackson\dataformat\jackson-dataformat-xml\2.19.0\jackson-dataformat-xml-2.19.0.jar;C:\Users\putra\.m2\repository\org\codehaus\woodstox\stax2-api\4.2.2\stax2-api-4.2.2.jar;C:\Users\putra\.m2\repository\com\fasterxml\woodstox\woodstox-core\7.1.0\woodstox-core-7.1.0.jar;C:\Users\putra\.m2\repository\org\springframework\cloud\spring-cloud-starter-loadbalancer\4.3.0\spring-cloud-starter-loadbalancer-4.3.0.jar;C:\Users\putra\.m2\repository\org\springframework\cloud\spring-cloud-loadbalancer\4.3.0\spring-cloud-loadbalancer-4.3.0.jar;C:\Users\putra\.m2\repository\io\projectreactor\reactor-core\3.7.6\reactor-core-3.7.6.jar;C:\Users\putra\.m2\repository\org\reactivestreams\reactive-streams\1.0.4\reactive-streams-1.0.4.jar;C:\Users\putra\.m2\repository\io\projectreactor\addons\reactor-extra\3.5.2\reactor-extra-3.5.2.jar;C:\Users\putra\.m2\repository\org\springframework\boot\spring-boot-starter-cache\3.5.0\spring-boot-starter-cache-3.5.0.jar;C:\Users\putra\.m2\repository\com\stoyanr\evictor\1.0.0\evictor-1.0.0.jar;C:\Users\putra\.m2\repository\org\glassfish\jaxb\jaxb-runtime\4.0.5\jaxb-runtime-4.0.5.jar;C:\Users\putra\.m2\repository\org\glassfish\jaxb\jaxb-core\4.0.5\jaxb-core-4.0.5.jar;C:\Users\putra\.m2\repository\org\eclipse\angus\angus-activation\2.0.2\angus-activation-2.0.2.jar;C:\Users\putra\.m2\repository\org\glassfish\jaxb\txw2\4.0.5\txw2-4.0.5.jar;C:\Users\putra\.m2\repository\com\sun\istack\istack-commons-runtime\4.1.2\istack-commons-runtime-4.1.2.jar;C:\Users\putra\.m2\repository\org\slf4j\slf4j-api\2.0.17\slf4j-api-2.0.17.jar;C:\Users\putra\.m2\repository\jakarta\xml\bind\jakarta.xml.bind-api\4.0.2\jakarta.xml.bind-api-4.0.2.jar;C:\Users\putra\.m2\repository\jakarta\activation\jakarta.activation-api\2.1.3\jakarta.activation-api-2.1.3.jar;C:\Users\putra\.m2\repository\org\springframework\spring-core\6.2.7\spring-core-6.2.7.jar;C:\Users\putra\.m2\repository\org\springframework\spring-jcl\6.2.7\spring-jcl-6.2.7.jar
Launcher Type: SUN_STANDARD

[Global flags]
     intx CICompilerCount                          = 12                                        {product} {ergonomic}
     uint ConcGCThreads                            = 3                                         {product} {ergonomic}
     uint G1ConcRefinementThreads                  = 13                                        {product} {ergonomic}
   size_t G1HeapRegionSize                         = 1048576                                   {product} {ergonomic}
    uintx GCDrainStackTargetSize                   = 64                                        {product} {ergonomic}
   size_t InitialHeapSize                          = 121634816                                 {product} {ergonomic}
   size_t MarkStackSize                            = 4194304                                   {product} {ergonomic}
   size_t MaxHeapSize                              = 1931476992                                {product} {ergonomic}
   size_t MaxNewSize                               = 1158676480                                {product} {ergonomic}
   size_t MinHeapDeltaBytes                        = 1048576                                   {product} {ergonomic}
   size_t MinHeapSize                              = 8388608                                   {product} {ergonomic}
    uintx NonNMethodCodeHeapSize                   = 7602480                                {pd product} {ergonomic}
    uintx NonProfiledCodeHeapSize                  = 122027880                              {pd product} {ergonomic}
    uintx ProfiledCodeHeapSize                     = 122027880                              {pd product} {ergonomic}
    uintx ReservedCodeCacheSize                    = 251658240                              {pd product} {ergonomic}
     bool SegmentedCodeCache                       = true                                      {product} {ergonomic}
   size_t SoftMaxHeapSize                          = 1931476992                             {manageable} {ergonomic}
     bool UseCompressedClassPointers               = true                           {product lp64_product} {ergonomic}
     bool UseCompressedOops                        = true                           {product lp64_product} {ergonomic}
     bool UseG1GC                                  = true                                      {product} {ergonomic}
     bool UseLargePagesIndividualAllocation        = false                                  {pd product} {ergonomic}

Logging:
Log output configuration:
 #0: stdout all=warning uptime,level,tags foldmultilines=false
 #1: stderr all=off uptime,level,tags foldmultilines=false

Environment Variables:
JAVA_HOME=C:\Program Files\Java\jdk-20
PATH=C:\Program Files\NVIDIA GPU Computing Toolkit\CUDA\v12.5\bin;C:\Program Files\NVIDIA GPU Computing Toolkit\CUDA\v12.5\libnvvp;C:\Program Files\NVIDIA\CUDNN\v9.2\bin;C:\Program Files\Common Files\Oracle\Java\javapath;C:\Program Files (x86)\Common Files\Oracle\Java\javapath;C:\Windows\system32;C:\Windows;C:\Windows\System32\Wbem;C:\Windows\System32\WindowsPowerShell\v1.0\;C:\Windows\System32\OpenSSH\;C:\Program Files\NVIDIA Corporation\NVIDIA NvDLISR;C:\WINDOWS\system32;C:\WINDOWS;C:\WINDOWS\System32\Wbem;C:\WINDOWS\System32\WindowsPowerShell\v1.0\;C:\WINDOWS\System32\OpenSSH\;C:\xampp\php;C:\ProgramData\ComposerSetup\bin;C:\Program Files\Git\cmd;C:\Program Files\nodejs\;C:\Program Files\NVIDIA Corporation\Nsight Compute 2024.2.1\;C:\Program Files (x86)\NVIDIA Corporation\PhysX\Common;C:\flutter\src\flutter\bin;C:\Program Files\dotnet\;C:\Program Files\Microsoft SQL Server\150\Tools\Binn\;C:\Program Files\Microsoft SQL Server\Client SDK\ODBC\170\Tools\Binn\;C:\Users\putra\AppData\Local\Microsoft\WindowsApps;C:\Users\putra\AppData\Local\Programs\Microsoft VS Code\bin;C:\Users\putra\AppData\Roaming\Composer\vendor\bin;C:\Users\putra\AppData\Local\Microsoft\WinGet\Packages\Schniz.fnm_Microsoft.Winget.Source_8wekyb3d8bbwe;C:\Users\putra\AppData\Roaming\npm;C:\Users\putra\Infineon\LauncherService;C:\flutter\src\flutter\bin;C:\Users\putra\.dotnet\tools;D:\Programming\Javaq\JDBC\mysql-connector-j-9.1.0\mysql-connector-j-9.1.0.jar;D:\Application\sonar-scanner-7.0.2.4839-windows-x64\bin;C:\Gradle\gradle-8.13\bin;C:\Users\putra\AppData\Local\GitHubDesktop\bin;C:\Program Files\NetBeans-17\netbeans\java\maven\bin;
USERNAME=putra
OS=Windows_NT
PROCESSOR_IDENTIFIER=AMD64 Family 25 Model 68 Stepping 1, AuthenticAMD
TMP=C:\Users\putra\AppData\Local\Temp
TEMP=C:\Users\putra\AppData\Local\Temp




---------------  S Y S T E M  ---------------

OS:
 Windows 11 , 64 bit Build 26100 (10.0.26100.4202)
OS uptime: 2 days 1:11 hours
Hyper-V role detected

CPU: total 16 (initial active 16) (16 cores per cpu, 2 threads per core) family 25 model 68 stepping 1 microcode 0xa404102, cx8, cmov, fxsr, ht, mmx, 3dnowpref, sse, sse2, sse3, ssse3, sse4a, sse4.1, sse4.2, popcnt, lzcnt, tsc, tscinvbit, avx, avx2, aes, erms, clmul, bmi1, bmi2, adx, sha, fma, vzeroupper, clflush, clflushopt, hv, rdtscp, rdpid, fsrm, f16c, cet_ss

Memory: 4k page, system-wide physical 7365M (759M free)
TotalPageFile size 29893M (AvailPageFile size 43M)
current process WorkingSet (physical memory assigned to process): 46M, peak: 275M
current process commit charge ("private bytes"): 314M, peak: 323M

vm_info: Java HotSpot(TM) 64-Bit Server VM (20+36-2344) for windows-amd64 JRE (20+36-2344), built on 2023-02-10T19:30:15Z by "mach5one" with MS VC++ 17.1 (VS2022)

END.
